<?xml version="1.0" encoding="UTF-8"?>
<!-- Generated by org.testng.reporters.JUnitXMLReporter -->
<testsuite hostname="DESKTOP-T3EO6I8" ignored="0" name="Default test" tests="4" failures="0" timestamp="20 Oct 2018 07:26:54 GMT" time="118.483" errors="0">
  <testcase name="mercuryTourRegPageTest" time="1.771" classname="com.datadriven.test.MercuryToursTest"/>
  <testcase name="mercuryTourRegPageTest" time="1.725" classname="com.datadriven.test.MercuryToursTest"/>
  <testcase name="mercuryTourRegPageTest" time="1.575" classname="com.datadriven.test.MercuryToursTest"/>
  <testcase name="mercuryTourRegPageTest" time="1.685" classname="com.datadriven.test.MercuryToursTest"/>
</testsuite> <!-- Default test -->
