<?xml version="1.0" encoding="UTF-8"?>
<!-- Generated by org.testng.reporters.JUnitXMLReporter -->
<testsuite hostname="DESKTOP-T3EO6I8" ignored="0" name="Different testng Feature Test" tests="17" failures="1" timestamp="18 Oct 2018 18:16:42 GMT" time="18.147" errors="0">
  <testcase name="test1" time="0.005" classname="com.test.ExceptionTimeOutTest"/>
  <testcase name="googleLogoTest" time="0.08" classname="com.test.GoogleTitleTest"/>
  <testcase name="googleTitleTest" time="0.021" classname="com.test.GoogleTitleTest">
    <failure type="java.lang.AssertionError" message="title is not matched expected [Google123] but found [Google]">
      <![CDATA[java.lang.AssertionError: title is not matched expected [Google123] but found [Google]
at com.test.GoogleTitleTest.googleTitleTest(GoogleTitleTest.java:37)
... Removed 30 stack frames]]>
    </failure>
  </testcase> <!-- googleTitleTest -->
  <testcase name="sum" time="0.004" classname="com.test.InvocationCountTest"/>
  <testcase name="sum" time="0.006" classname="com.test.InvocationCountTest"/>
  <testcase name="sum" time="0.003" classname="com.test.InvocationCountTest"/>
  <testcase name="sum" time="0.002" classname="com.test.InvocationCountTest"/>
  <testcase name="sum" time="0.005" classname="com.test.InvocationCountTest"/>
  <testcase name="sum" time="0.002" classname="com.test.InvocationCountTest"/>
  <testcase name="sum" time="0.002" classname="com.test.InvocationCountTest"/>
  <testcase name="sum" time="0.002" classname="com.test.InvocationCountTest"/>
  <testcase name="sum" time="0.003" classname="com.test.InvocationCountTest"/>
  <testcase name="sum" time="0.002" classname="com.test.InvocationCountTest"/>
  <testcase name="googleLogoTest" time="0.003" classname="com.test.TestNgBasics"/>
  <testcase name="googleTitleTest" time="0.003" classname="com.test.TestNgBasics"/>
  <testcase name="searchTest" time="0.002" classname="com.test.TestNgBasics"/>
  <testcase name="loginTest" time="0.003" classname="com.test.TestNgFeatures"/>
</testsuite> <!-- Different testng Feature Test -->
