<?xml version="1.0" encoding="UTF-8"?>
<testng-results skipped="0" failed="0" ignored="0" total="1" passed="1">
  <reporter-output>
  </reporter-output>
  <suite name="Default suite" duration-ms="47294" started-at="2018-10-29T16:44:52Z" finished-at="2018-10-29T16:45:39Z">
    <groups>
    </groups>
    <test name="Default test" duration-ms="47294" started-at="2018-10-29T16:44:52Z" finished-at="2018-10-29T16:45:39Z">
      <class name="SeleniumSessions.ManojVasalaCalendar">
        <test-method status="PASS" signature="selectDate()[pri:0, instance:SeleniumSessions.ManojVasalaCalendar@7d70d1b1]" name="selectDate" duration-ms="47269" started-at="2018-10-29T16:44:52Z" finished-at="2018-10-29T16:45:39Z">
          <reporter-output>
          </reporter-output>
        </test-method> <!-- selectDate -->
      </class> <!-- SeleniumSessions.ManojVasalaCalendar -->
    </test> <!-- Default test -->
  </suite> <!-- Default suite -->
</testng-results>
