<?xml version="1.0" encoding="UTF-8"?>
<testng-results skipped="0" failed="0" ignored="0" total="4" passed="4">
  <reporter-output>
  </reporter-output>
  <suite name="Default suite" duration-ms="118483" started-at="2018-10-20T07:24:55Z" finished-at="2018-10-20T07:26:54Z">
    <groups>
    </groups>
    <test name="Default test" duration-ms="118483" started-at="2018-10-20T07:24:55Z" finished-at="2018-10-20T07:26:54Z">
      <class name="com.datadriven.test.MercuryToursTest">
        <test-method status="PASS" signature="setUp()[pri:0, instance:com.datadriven.test.MercuryToursTest@c46bcd4]" name="setUp" is-config="true" duration-ms="17873" started-at="2018-10-20T07:24:56Z" finished-at="2018-10-20T07:25:14Z">
          <reporter-output>
          </reporter-output>
        </test-method> <!-- setUp -->
        <test-method status="PASS" signature="mercuryTourRegPageTest(java.lang.String, java.lang.String, java.lang.String, java.lang.String, java.lang.String, java.lang.String, java.lang.String, java.lang.String)[pri:0, instance:com.datadriven.test.MercuryToursTest@c46bcd4]" name="mercuryTourRegPageTest" duration-ms="1771" started-at="2018-10-20T07:25:14Z" data-provider="getTestData" finished-at="2018-10-20T07:25:16Z">
          <params>
            <param index="0">
              <value>
                <![CDATA[Tom]]>
              </value>
            </param>
            <param index="1">
              <value>
                <![CDATA[Peter]]>
              </value>
            </param>
            <param index="2">
              <value>
                <![CDATA[12,new street]]>
              </value>
            </param>
            <param index="3">
              <value>
                <![CDATA[downtown]]>
              </value>
            </param>
            <param index="4">
              <value>
                <![CDATA[Sunnyvale]]>
              </value>
            </param>
            <param index="5">
              <value>
                <![CDATA[California]]>
              </value>
            </param>
            <param index="6">
              <value>
                <![CDATA[94085.0]]>
              </value>
            </param>
            <param index="7">
              <value>
                <![CDATA[test1@gmail.com]]>
              </value>
            </param>
          </params>
          <reporter-output>
          </reporter-output>
        </test-method> <!-- mercuryTourRegPageTest -->
        <test-method status="PASS" signature="tearDown()[pri:0, instance:com.datadriven.test.MercuryToursTest@c46bcd4]" name="tearDown" is-config="true" duration-ms="1019" started-at="2018-10-20T07:25:16Z" finished-at="2018-10-20T07:25:17Z">
          <reporter-output>
          </reporter-output>
        </test-method> <!-- tearDown -->
        <test-method status="PASS" signature="setUp()[pri:0, instance:com.datadriven.test.MercuryToursTest@c46bcd4]" name="setUp" is-config="true" duration-ms="22351" started-at="2018-10-20T07:25:17Z" finished-at="2018-10-20T07:25:39Z">
          <reporter-output>
          </reporter-output>
        </test-method> <!-- setUp -->
        <test-method status="PASS" signature="mercuryTourRegPageTest(java.lang.String, java.lang.String, java.lang.String, java.lang.String, java.lang.String, java.lang.String, java.lang.String, java.lang.String)[pri:0, instance:com.datadriven.test.MercuryToursTest@c46bcd4]" name="mercuryTourRegPageTest" duration-ms="1725" started-at="2018-10-20T07:25:39Z" data-provider="getTestData" finished-at="2018-10-20T07:25:41Z">
          <params>
            <param index="0">
              <value>
                <![CDATA[Reshma]]>
              </value>
            </param>
            <param index="1">
              <value>
                <![CDATA[K]]>
              </value>
            </param>
            <param index="2">
              <value>
                <![CDATA[13,new street]]>
              </value>
            </param>
            <param index="3">
              <value>
                <![CDATA[downtown]]>
              </value>
            </param>
            <param index="4">
              <value>
                <![CDATA[Sunnyvale]]>
              </value>
            </param>
            <param index="5">
              <value>
                <![CDATA[California]]>
              </value>
            </param>
            <param index="6">
              <value>
                <![CDATA[94086.0]]>
              </value>
            </param>
            <param index="7">
              <value>
                <![CDATA[test2@gmail.com]]>
              </value>
            </param>
          </params>
          <reporter-output>
          </reporter-output>
        </test-method> <!-- mercuryTourRegPageTest -->
        <test-method status="PASS" signature="tearDown()[pri:0, instance:com.datadriven.test.MercuryToursTest@c46bcd4]" name="tearDown" is-config="true" duration-ms="995" started-at="2018-10-20T07:25:41Z" finished-at="2018-10-20T07:25:42Z">
          <reporter-output>
          </reporter-output>
        </test-method> <!-- tearDown -->
        <test-method status="PASS" signature="setUp()[pri:0, instance:com.datadriven.test.MercuryToursTest@c46bcd4]" name="setUp" is-config="true" duration-ms="29686" started-at="2018-10-20T07:25:42Z" finished-at="2018-10-20T07:26:11Z">
          <reporter-output>
          </reporter-output>
        </test-method> <!-- setUp -->
        <test-method status="PASS" signature="mercuryTourRegPageTest(java.lang.String, java.lang.String, java.lang.String, java.lang.String, java.lang.String, java.lang.String, java.lang.String, java.lang.String)[pri:0, instance:com.datadriven.test.MercuryToursTest@c46bcd4]" name="mercuryTourRegPageTest" duration-ms="1575" started-at="2018-10-20T07:26:11Z" data-provider="getTestData" finished-at="2018-10-20T07:26:13Z">
          <params>
            <param index="0">
              <value>
                <![CDATA[Anirudh]]>
              </value>
            </param>
            <param index="1">
              <value>
                <![CDATA[D]]>
              </value>
            </param>
            <param index="2">
              <value>
                <![CDATA[14,new street]]>
              </value>
            </param>
            <param index="3">
              <value>
                <![CDATA[downtown]]>
              </value>
            </param>
            <param index="4">
              <value>
                <![CDATA[Sunnyvale]]>
              </value>
            </param>
            <param index="5">
              <value>
                <![CDATA[California]]>
              </value>
            </param>
            <param index="6">
              <value>
                <![CDATA[94087.0]]>
              </value>
            </param>
            <param index="7">
              <value>
                <![CDATA[test3@gmail.com]]>
              </value>
            </param>
          </params>
          <reporter-output>
          </reporter-output>
        </test-method> <!-- mercuryTourRegPageTest -->
        <test-method status="PASS" signature="tearDown()[pri:0, instance:com.datadriven.test.MercuryToursTest@c46bcd4]" name="tearDown" is-config="true" duration-ms="955" started-at="2018-10-20T07:26:13Z" finished-at="2018-10-20T07:26:14Z">
          <reporter-output>
          </reporter-output>
        </test-method> <!-- tearDown -->
        <test-method status="PASS" signature="setUp()[pri:0, instance:com.datadriven.test.MercuryToursTest@c46bcd4]" name="setUp" is-config="true" duration-ms="37071" started-at="2018-10-20T07:26:14Z" finished-at="2018-10-20T07:26:51Z">
          <reporter-output>
          </reporter-output>
        </test-method> <!-- setUp -->
        <test-method status="PASS" signature="mercuryTourRegPageTest(java.lang.String, java.lang.String, java.lang.String, java.lang.String, java.lang.String, java.lang.String, java.lang.String, java.lang.String)[pri:0, instance:com.datadriven.test.MercuryToursTest@c46bcd4]" name="mercuryTourRegPageTest" duration-ms="1685" started-at="2018-10-20T07:26:51Z" data-provider="getTestData" finished-at="2018-10-20T07:26:53Z">
          <params>
            <param index="0">
              <value>
                <![CDATA[Amreen]]>
              </value>
            </param>
            <param index="1">
              <value>
                <![CDATA[T]]>
              </value>
            </param>
            <param index="2">
              <value>
                <![CDATA[15,new street]]>
              </value>
            </param>
            <param index="3">
              <value>
                <![CDATA[downtown]]>
              </value>
            </param>
            <param index="4">
              <value>
                <![CDATA[Sunnyvale]]>
              </value>
            </param>
            <param index="5">
              <value>
                <![CDATA[California]]>
              </value>
            </param>
            <param index="6">
              <value>
                <![CDATA[94088.0]]>
              </value>
            </param>
            <param index="7">
              <value>
                <![CDATA[test4@gmail.com]]>
              </value>
            </param>
          </params>
          <reporter-output>
          </reporter-output>
        </test-method> <!-- mercuryTourRegPageTest -->
        <test-method status="PASS" signature="tearDown()[pri:0, instance:com.datadriven.test.MercuryToursTest@c46bcd4]" name="tearDown" is-config="true" duration-ms="1030" started-at="2018-10-20T07:26:53Z" finished-at="2018-10-20T07:26:54Z">
          <reporter-output>
          </reporter-output>
        </test-method> <!-- tearDown -->
      </class> <!-- com.datadriven.test.MercuryToursTest -->
    </test> <!-- Default test -->
  </suite> <!-- Default suite -->
</testng-results>
